<?xml version="1.0" encoding="UTF-8"?>
<coverage generated="1581977992038" clover="3.2.0">
  <project timestamp="1581977992038" name="All files">
    <metrics statements="40" coveredstatements="40" conditionals="21" coveredconditionals="21" methods="8" coveredmethods="8" elements="69" coveredelements="69" complexity="0" loc="40" ncloc="40" packages="1" files="1" classes="1">
      <file name="index.js" path="C:\Users\ferna\Code\react-ninja-m02\github-app\src\utils\pagination\index.js">
        <metrics statements="40" coveredstatements="40" conditionals="21" coveredconditionals="21" methods="8" coveredmethods="8"/>
        <line num="3" count="1" type="stmt"/>
        <line num="4" count="42" type="stmt"/>
        <line num="11" count="41" type="stmt"/>
        <line num="13" count="1" type="stmt"/>
        <line num="14" count="14" type="stmt"/>
        <line num="15" count="14" type="stmt"/>
        <line num="16" count="14" type="stmt"/>
        <line num="18" count="14" type="stmt"/>
        <line num="19" count="2" type="stmt"/>
        <line num="21" count="14" type="stmt"/>
        <line num="22" count="14" type="stmt"/>
        <line num="23" count="14" type="stmt"/>
        <line num="24" count="6" type="stmt"/>
        <line num="26" count="14" type="stmt"/>
        <line num="29" count="1" type="stmt"/>
        <line num="30" count="14" type="stmt"/>
        <line num="31" count="14" type="stmt"/>
        <line num="32" count="14" type="stmt"/>
        <line num="34" count="14" type="stmt"/>
        <line num="35" count="2" type="stmt"/>
        <line num="37" count="14" type="stmt"/>
        <line num="38" count="14" type="stmt"/>
        <line num="39" count="14" type="stmt"/>
        <line num="40" count="6" type="stmt"/>
        <line num="42" count="14" type="stmt"/>
        <line num="45" count="1" type="stmt"/>
        <line num="46" count="21" type="stmt"/>
        <line num="47" count="1" type="stmt"/>
        <line num="49" count="20" type="stmt"/>
        <line num="50" count="1" type="stmt"/>
        <line num="52" count="19" type="stmt"/>
        <line num="53" count="5" type="stmt"/>
        <line num="55" count="10" type="stmt"/>
        <line num="60" count="14" type="stmt"/>
        <line num="61" count="14" type="stmt"/>
        <line num="65" count="42" type="stmt"/>
        <line num="71" count="70" type="stmt"/>
        <line num="73" count="14" type="stmt"/>
        <line num="74" count="14" type="stmt"/>
        <line num="76" count="14" type="stmt"/>
      </file>
    </metrics>
  </project>
</coverage>
