{"C:\\Users\\ferna\\Code\\react-ninja-m02\\github-app\\src\\utils\\pagination\\index.js": {"path":"C:\\Users\\ferna\\Code\\react-ninja-m02\\github-app\\src\\utils\\pagination\\index.js","statementMap":{"0":{"start":{"line":3,"column":19},"end":{"line":9,"column":1}},"1":{"start":{"line":4,"column":2},"end":{"line":8,"column":22}},"2":{"start":{"line":11,"column":17},"end":{"line":11,"column":53}},"3":{"start":{"line":11,"column":28},"end":{"line":11,"column":53}},"4":{"start":{"line":13,"column":22},"end":{"line":27,"column":1}},"5":{"start":{"line":14,"column":18},"end":{"line":14,"column":23}},"6":{"start":{"line":15,"column":18},"end":{"line":15,"column":30}},"7":{"start":{"line":16,"column":19},"end":{"line":16,"column":31}},"8":{"start":{"line":18,"column":2},"end":{"line":20,"column":3}},"9":{"start":{"line":19,"column":4},"end":{"line":19,"column":65}},"10":{"start":{"line":21,"column":2},"end":{"line":21,"column":26}},"11":{"start":{"line":22,"column":2},"end":{"line":22,"column":27}},"12":{"start":{"line":23,"column":2},"end":{"line":25,"column":3}},"13":{"start":{"line":24,"column":4},"end":{"line":24,"column":57}},"14":{"start":{"line":26,"column":2},"end":{"line":26,"column":18}},"15":{"start":{"line":29,"column":20},"end":{"line":43,"column":1}},"16":{"start":{"line":30,"column":18},"end":{"line":30,"column":23}},"17":{"start":{"line":31,"column":24},"end":{"line":31,"column":55}},"18":{"start":{"line":32,"column":17},"end":{"line":32,"column":48}},"19":{"start":{"line":34,"column":2},"end":{"line":36,"column":3}},"20":{"start":{"line":35,"column":4},"end":{"line":35,"column":67}},"21":{"start":{"line":37,"column":2},"end":{"line":37,"column":51}},"22":{"start":{"line":38,"column":2},"end":{"line":38,"column":44}},"23":{"start":{"line":39,"column":2},"end":{"line":41,"column":3}},"24":{"start":{"line":40,"column":4},"end":{"line":40,"column":60}},"25":{"start":{"line":42,"column":2},"end":{"line":42,"column":18}},"26":{"start":{"line":45,"column":19},"end":{"line":77,"column":1}},"27":{"start":{"line":46,"column":2},"end":{"line":48,"column":3}},"28":{"start":{"line":47,"column":4},"end":{"line":47,"column":54}},"29":{"start":{"line":49,"column":2},"end":{"line":51,"column":3}},"30":{"start":{"line":50,"column":4},"end":{"line":50,"column":59}},"31":{"start":{"line":52,"column":2},"end":{"line":56,"column":3}},"32":{"start":{"line":53,"column":4},"end":{"line":55,"column":23}},"33":{"start":{"line":55,"column":17},"end":{"line":55,"column":22}},"34":{"start":{"line":60,"column":23},"end":{"line":60,"column":24}},"35":{"start":{"line":61,"column":14},"end":{"line":70,"column":3}},"36":{"start":{"line":65,"column":17},"end":{"line":68,"column":6}},"37":{"start":{"line":71,"column":2},"end":{"line":71,"column":77}},"38":{"start":{"line":71,"column":47},"end":{"line":71,"column":76}},"39":{"start":{"line":73,"column":2},"end":{"line":73,"column":30}},"40":{"start":{"line":74,"column":2},"end":{"line":74,"column":28}},"41":{"start":{"line":76,"column":2},"end":{"line":76,"column":14}}},"fnMap":{"0":{"name":"(anonymous_0)","decl":{"start":{"line":3,"column":19},"end":{"line":3,"column":20}},"loc":{"start":{"line":3,"column":46},"end":{"line":9,"column":1}}},"1":{"name":"(anonymous_1)","decl":{"start":{"line":11,"column":17},"end":{"line":11,"column":18}},"loc":{"start":{"line":11,"column":28},"end":{"line":11,"column":53}}},"2":{"name":"(anonymous_2)","decl":{"start":{"line":13,"column":22},"end":{"line":13,"column":23}},"loc":{"start":{"line":13,"column":33},"end":{"line":27,"column":1}}},"3":{"name":"(anonymous_3)","decl":{"start":{"line":29,"column":20},"end":{"line":29,"column":21}},"loc":{"start":{"line":29,"column":31},"end":{"line":43,"column":1}}},"4":{"name":"(anonymous_4)","decl":{"start":{"line":45,"column":19},"end":{"line":45,"column":20}},"loc":{"start":{"line":45,"column":59},"end":{"line":77,"column":1}}},"5":{"name":"(anonymous_5)","decl":{"start":{"line":55,"column":7},"end":{"line":55,"column":8}},"loc":{"start":{"line":55,"column":17},"end":{"line":55,"column":22}}},"6":{"name":"(anonymous_6)","decl":{"start":{"line":65,"column":7},"end":{"line":65,"column":8}},"loc":{"start":{"line":65,"column":17},"end":{"line":68,"column":6}}},"7":{"name":"(anonymous_7)","decl":{"start":{"line":71,"column":23},"end":{"line":71,"column":24}},"loc":{"start":{"line":71,"column":47},"end":{"line":71,"column":76}}}},"branchMap":{"0":{"loc":{"start":{"line":4,"column":9},"end":{"line":8,"column":22}},"type":"cond-expr","locations":[{"start":{"line":5,"column":6},"end":{"line":5,"column":7}},{"start":{"line":6,"column":6},"end":{"line":8,"column":22}}]},"1":{"loc":{"start":{"line":6,"column":6},"end":{"line":8,"column":22}},"type":"cond-expr","locations":[{"start":{"line":7,"column":8},"end":{"line":7,"column":22}},{"start":{"line":8,"column":8},"end":{"line":8,"column":22}}]},"2":{"loc":{"start":{"line":18,"column":2},"end":{"line":20,"column":3}},"type":"if","locations":[{"start":{"line":18,"column":2},"end":{"line":20,"column":3}},{"start":{"line":18,"column":2},"end":{"line":20,"column":3}}]},"3":{"loc":{"start":{"line":23,"column":2},"end":{"line":25,"column":3}},"type":"if","locations":[{"start":{"line":23,"column":2},"end":{"line":25,"column":3}},{"start":{"line":23,"column":2},"end":{"line":25,"column":3}}]},"4":{"loc":{"start":{"line":34,"column":2},"end":{"line":36,"column":3}},"type":"if","locations":[{"start":{"line":34,"column":2},"end":{"line":36,"column":3}},{"start":{"line":34,"column":2},"end":{"line":36,"column":3}}]},"5":{"loc":{"start":{"line":39,"column":2},"end":{"line":41,"column":3}},"type":"if","locations":[{"start":{"line":39,"column":2},"end":{"line":41,"column":3}},{"start":{"line":39,"column":2},"end":{"line":41,"column":3}}]},"6":{"loc":{"start":{"line":45,"column":20},"end":{"line":45,"column":54}},"type":"default-arg","locations":[{"start":{"line":45,"column":52},"end":{"line":45,"column":54}}]},"7":{"loc":{"start":{"line":45,"column":22},"end":{"line":45,"column":31}},"type":"default-arg","locations":[{"start":{"line":45,"column":30},"end":{"line":45,"column":31}}]},"8":{"loc":{"start":{"line":45,"column":33},"end":{"line":45,"column":47}},"type":"default-arg","locations":[{"start":{"line":45,"column":46},"end":{"line":45,"column":47}}]},"9":{"loc":{"start":{"line":46,"column":2},"end":{"line":48,"column":3}},"type":"if","locations":[{"start":{"line":46,"column":2},"end":{"line":48,"column":3}},{"start":{"line":46,"column":2},"end":{"line":48,"column":3}}]},"10":{"loc":{"start":{"line":49,"column":2},"end":{"line":51,"column":3}},"type":"if","locations":[{"start":{"line":49,"column":2},"end":{"line":51,"column":3}},{"start":{"line":49,"column":2},"end":{"line":51,"column":3}}]},"11":{"loc":{"start":{"line":52,"column":2},"end":{"line":56,"column":3}},"type":"if","locations":[{"start":{"line":52,"column":2},"end":{"line":56,"column":3}},{"start":{"line":52,"column":2},"end":{"line":56,"column":3}}]}},"s":{"0":1,"1":42,"2":1,"3":41,"4":1,"5":14,"6":14,"7":14,"8":14,"9":2,"10":14,"11":14,"12":14,"13":6,"14":14,"15":1,"16":14,"17":14,"18":14,"19":14,"20":2,"21":14,"22":14,"23":14,"24":6,"25":14,"26":1,"27":21,"28":1,"29":20,"30":1,"31":19,"32":5,"33":10,"34":14,"35":14,"36":42,"37":14,"38":70,"39":14,"40":14,"41":14},"f":{"0":42,"1":41,"2":14,"3":14,"4":21,"5":10,"6":42,"7":70},"b":{"0":[9,33],"1":[6,27],"2":[2,12],"3":[6,8],"4":[2,12],"5":[6,8],"6":[1],"7":[2],"8":[3],"9":[1,20],"10":[1,19],"11":[5,14]},"_coverageSchema":"332fd63041d2c1bcb487cc26dd0d5f7d97098a6c","hash":"740cefee9495986be78a6b041df8a6c56840e411"}
}
