TN:
SF:C:\Users\ferna\Code\react-ninja-m02\github-app\src\utils\pagination\index.js
FN:3,(anonymous_0)
FN:11,(anonymous_1)
FN:13,(anonymous_2)
FN:29,(anonymous_3)
FN:45,(anonymous_4)
FN:55,(anonymous_5)
FN:65,(anonymous_6)
FN:71,(anonymous_7)
FNF:8
FNH:8
FNDA:42,(anonymous_0)
FNDA:41,(anonymous_1)
FNDA:14,(anonymous_2)
FNDA:14,(anonymous_3)
FNDA:21,(anonymous_4)
FNDA:10,(anonymous_5)
FNDA:42,(anonymous_6)
FNDA:70,(anonymous_7)
DA:3,1
DA:4,42
DA:11,41
DA:13,1
DA:14,14
DA:15,14
DA:16,14
DA:18,14
DA:19,2
DA:21,14
DA:22,14
DA:23,14
DA:24,6
DA:26,14
DA:29,1
DA:30,14
DA:31,14
DA:32,14
DA:34,14
DA:35,2
DA:37,14
DA:38,14
DA:39,14
DA:40,6
DA:42,14
DA:45,1
DA:46,21
DA:47,1
DA:49,20
DA:50,1
DA:52,19
DA:53,5
DA:55,10
DA:60,14
DA:61,14
DA:65,42
DA:71,70
DA:73,14
DA:74,14
DA:76,14
LF:40
LH:40
BRDA:4,0,0,9
BRDA:4,0,1,33
BRDA:6,1,0,6
BRDA:6,1,1,27
BRDA:18,2,0,2
BRDA:18,2,1,12
BRDA:23,3,0,6
BRDA:23,3,1,8
BRDA:34,4,0,2
BRDA:34,4,1,12
BRDA:39,5,0,6
BRDA:39,5,1,8
BRDA:45,6,0,1
BRDA:45,7,0,2
BRDA:45,8,0,3
BRDA:46,9,0,1
BRDA:46,9,1,20
BRDA:49,10,0,1
BRDA:49,10,1,19
BRDA:52,11,0,5
BRDA:52,11,1,14
BRF:21
BRH:21
end_of_record
