<?xml version="1.0" encoding="UTF-8"?>
<coverage generated="1579901911565" clover="3.2.0">
  <project timestamp="1579901911565" name="All files">
    <metrics statements="13" coveredstatements="13" conditionals="10" coveredconditionals="10" methods="5" coveredmethods="5" elements="28" coveredelements="28" complexity="0" loc="13" ncloc="13" packages="1" files="2" classes="2">
      <file name="map-recursive.js" path="C:\Users\ferna\Code\react-ninja-m02\jest-in-pratice-new\src\map\map-recursive.js">
        <metrics statements="4" coveredstatements="4" conditionals="4" coveredconditionals="4" methods="3" coveredmethods="3"/>
        <line num="3" count="2" type="cond" truecount="2" falsecount="0"/>
        <line num="4" count="7" type="stmt"/>
        <line num="5" count="19" type="stmt"/>
        <line num="6" count="19" type="cond" truecount="2" falsecount="0"/>
      </file>
      <file name="map.js" path="C:\Users\ferna\Code\react-ninja-m02\jest-in-pratice-new\src\map\map.js">
        <metrics statements="9" coveredstatements="9" conditionals="6" coveredconditionals="6" methods="2" coveredmethods="2"/>
        <line num="3" count="2" type="cond" truecount="2" falsecount="0"/>
        <line num="4" count="11" type="cond" truecount="2" falsecount="0"/>
        <line num="5" count="2" type="stmt"/>
        <line num="7" count="9" type="cond" truecount="2" falsecount="0"/>
        <line num="8" count="2" type="stmt"/>
        <line num="10" count="7" type="stmt"/>
        <line num="11" count="7" type="stmt"/>
        <line num="12" count="12" type="stmt"/>
        <line num="14" count="7" type="stmt"/>
      </file>
    </metrics>
  </project>
</coverage>
