{"C:\\Users\\ferna\\Code\\react-ninja-m02\\jest-in-pratice-new\\src\\map\\map-recursive.js": {"path":"C:\\Users\\ferna\\Code\\react-ninja-m02\\jest-in-pratice-new\\src\\map\\map-recursive.js","statementMap":{"0":{"start":{"line":3,"column":12},"end":{"line":11,"column":1}},"1":{"start":{"line":3,"column":40},"end":{"line":3,"column":44}},"2":{"start":{"line":4,"column":4},"end":{"line":10,"column":14}},"3":{"start":{"line":5,"column":32},"end":{"line":5,"column":45}},"4":{"start":{"line":6,"column":8},"end":{"line":9,"column":9}}},"fnMap":{"0":{"name":"(anonymous_0)","decl":{"start":{"line":3,"column":12},"end":{"line":3,"column":13}},"loc":{"start":{"line":3,"column":49},"end":{"line":11,"column":1}},"line":3},"1":{"name":"(anonymous_1)","decl":{"start":{"line":3,"column":30},"end":{"line":3,"column":31}},"loc":{"start":{"line":3,"column":40},"end":{"line":3,"column":44}},"line":3},"2":{"name":"mapInternal","decl":{"start":{"line":4,"column":21},"end":{"line":4,"column":32}},"loc":{"start":{"line":4,"column":57},"end":{"line":10,"column":5}},"line":4}},"branchMap":{"0":{"loc":{"start":{"line":3,"column":13},"end":{"line":3,"column":21}},"type":"default-arg","locations":[{"start":{"line":3,"column":19},"end":{"line":3,"column":21}}],"line":3},"1":{"loc":{"start":{"line":3,"column":23},"end":{"line":3,"column":44}},"type":"default-arg","locations":[{"start":{"line":3,"column":30},"end":{"line":3,"column":44}}],"line":3},"2":{"loc":{"start":{"line":6,"column":15},"end":{"line":9,"column":9}},"type":"cond-expr","locations":[{"start":{"line":6,"column":44},"end":{"line":6,"column":46}},{"start":{"line":6,"column":49},"end":{"line":9,"column":9}}],"line":6}},"s":{"0":1,"1":2,"2":7,"3":19,"4":19},"f":{"0":7,"1":2,"2":19},"b":{"0":[1],"1":[2],"2":[7,12]},"_coverageSchema":"332fd63041d2c1bcb487cc26dd0d5f7d97098a6c","hash":"21f8509844eb7382a9f15909d1ebaa49abbed6a6"}
,"C:\\Users\\ferna\\Code\\react-ninja-m02\\jest-in-pratice-new\\src\\map\\map.js": {"path":"C:\\Users\\ferna\\Code\\react-ninja-m02\\jest-in-pratice-new\\src\\map\\map.js","statementMap":{"0":{"start":{"line":3,"column":12},"end":{"line":15,"column":1}},"1":{"start":{"line":3,"column":40},"end":{"line":3,"column":44}},"2":{"start":{"line":4,"column":4},"end":{"line":6,"column":5}},"3":{"start":{"line":5,"column":8},"end":{"line":5,"column":67}},"4":{"start":{"line":7,"column":4},"end":{"line":9,"column":5}},"5":{"start":{"line":8,"column":8},"end":{"line":8,"column":70}},"6":{"start":{"line":10,"column":19},"end":{"line":10,"column":21}},"7":{"start":{"line":11,"column":4},"end":{"line":13,"column":5}},"8":{"start":{"line":12,"column":8},"end":{"line":12,"column":41}},"9":{"start":{"line":14,"column":4},"end":{"line":14,"column":17}}},"fnMap":{"0":{"name":"(anonymous_0)","decl":{"start":{"line":3,"column":12},"end":{"line":3,"column":13}},"loc":{"start":{"line":3,"column":49},"end":{"line":15,"column":1}},"line":3},"1":{"name":"(anonymous_1)","decl":{"start":{"line":3,"column":30},"end":{"line":3,"column":31}},"loc":{"start":{"line":3,"column":40},"end":{"line":3,"column":44}},"line":3}},"branchMap":{"0":{"loc":{"start":{"line":3,"column":13},"end":{"line":3,"column":21}},"type":"default-arg","locations":[{"start":{"line":3,"column":19},"end":{"line":3,"column":21}}],"line":3},"1":{"loc":{"start":{"line":3,"column":23},"end":{"line":3,"column":44}},"type":"default-arg","locations":[{"start":{"line":3,"column":30},"end":{"line":3,"column":44}}],"line":3},"2":{"loc":{"start":{"line":4,"column":4},"end":{"line":6,"column":5}},"type":"if","locations":[{"start":{"line":4,"column":4},"end":{"line":6,"column":5}},{"start":{"line":4,"column":4},"end":{"line":6,"column":5}}],"line":4},"3":{"loc":{"start":{"line":7,"column":4},"end":{"line":9,"column":5}},"type":"if","locations":[{"start":{"line":7,"column":4},"end":{"line":9,"column":5}},{"start":{"line":7,"column":4},"end":{"line":9,"column":5}}],"line":7}},"s":{"0":1,"1":2,"2":11,"3":2,"4":9,"5":2,"6":7,"7":7,"8":12,"9":7},"f":{"0":11,"1":2},"b":{"0":[1],"1":[4],"2":[2,9],"3":[2,7]},"_coverageSchema":"332fd63041d2c1bcb487cc26dd0d5f7d97098a6c","hash":"5b24b2fa33c77264c86a5e4a68d6fa0c88a9bc45"}
}
