TN:
SF:C:\Users\ferna\Code\react-ninja-m02\jest-in-pratice-new\src\map\map-recursive.js
FN:3,(anonymous_0)
FN:3,(anonymous_1)
FN:4,mapInternal
FNF:3
FNH:3
FNDA:7,(anonymous_0)
FNDA:2,(anonymous_1)
FNDA:19,mapInternal
DA:3,2
DA:4,7
DA:5,19
DA:6,19
LF:4
LH:4
BRDA:3,0,0,1
BRDA:3,1,0,2
BRDA:6,2,0,7
BRDA:6,2,1,12
BRF:4
BRH:4
end_of_record
TN:
SF:C:\Users\ferna\Code\react-ninja-m02\jest-in-pratice-new\src\map\map.js
FN:3,(anonymous_0)
FN:3,(anonymous_1)
FNF:2
FNH:2
FNDA:11,(anonymous_0)
FNDA:2,(anonymous_1)
DA:3,2
DA:4,11
DA:5,2
DA:7,9
DA:8,2
DA:10,7
DA:11,7
DA:12,12
DA:14,7
LF:9
LH:9
BRDA:3,0,0,1
BRDA:3,1,0,4
BRDA:4,2,0,2
BRDA:4,2,1,9
BRDA:7,3,0,2
BRDA:7,3,1,7
BRF:6
BRH:6
end_of_record
